2022-11-12 16:28:03,019 INFO Пользователь вводит количество бочонков
2022-11-12 16:28:11,045 INFO Пользователь ввел: 7
2022-11-12 16:28:11,045 INFO Верно введенно число пользователем: 7
2022-11-12 16:28:11,045 INFO Получившийся перемешанный список боченков: [4, 3, 5, 1, 6, 2, 7]
2022-11-12 16:28:11,046 INFO Выпавшее число пользователю: 7
2022-11-12 16:28:12,188 INFO Выпавшее число пользователю: 2
2022-11-12 16:28:12,669 INFO Выпавшее число пользователю: 6
2022-11-12 16:28:13,108 INFO Выпавшее число пользователю: 1
2022-11-12 16:28:13,960 INFO Выпавшее число пользователю: 5
2022-11-12 16:28:14,456 INFO Выпавшее число пользователю: 3
2022-11-12 16:28:14,986 INFO Выпавшее число пользователю: 4
2022-11-12 16:29:00,818 INFO Пользователь вводит количество бочонков
2022-11-12 16:29:09,155 INFO Пользователь ввел: 13
2022-11-12 16:29:09,156 INFO Верно введенно число пользователем: 13
2022-11-12 16:29:09,156 INFO Получившийся перемешанный список боченков: [8, 13, 7, 5, 3, 12, 4, 2, 11, 9, 10, 6, 1]
2022-11-12 16:29:09,157 INFO Выпавшее число пользователю: 1
2022-11-12 16:29:10,330 INFO Выпавшее число пользователю: 6
2022-11-12 16:29:10,615 INFO Выпавшее число пользователю: 10
2022-11-12 16:29:10,814 INFO Выпавшее число пользователю: 9
2022-11-12 16:29:11,033 INFO Выпавшее число пользователю: 11
2022-11-12 16:29:11,263 INFO Выпавшее число пользователю: 2
2022-11-12 16:29:11,486 INFO Выпавшее число пользователю: 4
2022-11-12 16:29:11,715 INFO Выпавшее число пользователю: 12
2022-11-12 16:29:11,966 INFO Выпавшее число пользователю: 3
2022-11-12 16:29:12,328 INFO Выпавшее число пользователю: 5
2022-11-12 16:29:12,686 INFO Выпавшее число пользователю: 7
2022-11-12 16:29:13,045 INFO Выпавшее число пользователю: 13
2022-11-12 16:29:13,376 INFO Выпавшее число пользователю: 8
2022-11-12 16:29:39,904 INFO Пользователь вводит количество бочонков
2022-11-12 16:29:44,354 INFO Пользователь ввел: 25
2022-11-12 16:29:44,354 INFO Верно введенно число пользователем: 25
2022-11-12 16:29:44,355 INFO Получившийся перемешанный список боченков: [10, 14, 12, 18, 15, 17, 22, 16, 5, 23, 3, 25, 11, 21, 20, 24, 19, 8, 7, 2, 1, 9, 13, 6, 4]
2022-11-12 16:29:44,356 INFO Выпавшее число пользователю: 4
2022-11-12 16:29:45,026 INFO Выпавшее число пользователю: 6
2022-11-12 16:29:45,291 INFO Выпавшее число пользователю: 13
2022-11-12 16:29:45,550 INFO Выпавшее число пользователю: 9
2022-11-12 16:29:45,830 INFO Выпавшее число пользователю: 1
2022-11-12 16:29:46,103 INFO Выпавшее число пользователю: 2
2022-11-12 16:29:46,364 INFO Выпавшее число пользователю: 7
2022-11-12 16:29:46,665 INFO Выпавшее число пользователю: 8
2022-11-12 16:29:46,925 INFO Выпавшее число пользователю: 19
2022-11-12 16:29:47,225 INFO Выпавшее число пользователю: 24
2022-11-12 16:29:47,520 INFO Выпавшее число пользователю: 20
2022-11-12 16:29:47,819 INFO Выпавшее число пользователю: 21
2022-11-12 16:29:48,118 INFO Выпавшее число пользователю: 11
2022-11-12 16:29:48,411 INFO Выпавшее число пользователю: 25
2022-11-12 16:29:48,769 INFO Выпавшее число пользователю: 3
2022-11-12 16:29:49,052 INFO Выпавшее число пользователю: 23
2022-11-12 16:29:49,363 INFO Выпавшее число пользователю: 5
2022-11-12 16:29:49,668 INFO Выпавшее число пользователю: 16
2022-11-12 16:29:50,476 INFO Выпавшее число пользователю: 22
2022-11-12 16:29:50,949 INFO Выпавшее число пользователю: 17
2022-11-12 16:29:51,443 INFO Выпавшее число пользователю: 15
2022-11-12 16:29:51,875 INFO Выпавшее число пользователю: 18
2022-11-12 16:29:52,301 INFO Выпавшее число пользователю: 12
2022-11-12 16:29:52,699 INFO Выпавшее число пользователю: 14
2022-11-12 16:29:53,215 INFO Выпавшее число пользователю: 10
